# JRE version: OpenJDK Runtime Environment (11.0.12+7) (build 11.0.12+7-b1504.28-7817840)
# Java VM: OpenJDK 64-Bit Server VM (11.0.12+7-b1504.28-7817840, mixed mode, tiered, compressed oops, g1 gc, windows-amd64)
Heap:
 garbage-first heap   total 463872K, used 336611K [0x0000000080000000, 0x0000000100000000)
  region size 1024K, 116 young (118784K), 4 survivors (4096K)
 Metaspace       used 134487K, capacity 138330K, committed 138440K, reserved 1169408K
  class space    used 16842K, capacity 18294K, committed 18304K, reserved 1048576K
GC Heap History (20 events):
Event: 1027.298 GC heap before
{Heap before GC invocations=108 (full 0):
 garbage-first heap   total 324608K, used 232052K [0x0000000080000000, 0x0000000100000000)
  region size 1024K, 56 young (57344K), 2 survivors (2048K)
 Metaspace       used 113355K, capacity 116406K, committed 116552K, reserved 1150976K
  class space    used 14366K, capacity 15541K, committed 15616K, reserved 1048576K
}
Event: 1027.319 GC heap after
{Heap after GC invocations=109 (full 0):
 garbage-first heap   total 324608K, used 178170K [0x0000000080000000, 0x0000000100000000)
  region size 1024K, 3 young (3072K), 3 survivors (3072K)
 Metaspace       used 113355K, capacity 116406K, committed 116552K, reserved 1150976K
  class space    used 14366K, capacity 15541K, committed 15616K, reserved 1048576K
}
Event: 1030.058 GC heap before
{Heap before GC invocations=109 (full 0):
 garbage-first heap   total 324608K, used 259066K [0x0000000080000000, 0x0000000100000000)
  region size 1024K, 65 young (66560K), 3 survivors (3072K)
 Metaspace       used 113690K, capacity 116860K, committed 117064K, reserved 1150976K
  class space    used 14393K, capacity 15593K, committed 15616K, reserved 1048576K
}
Event: 1030.067 GC heap after
{Heap after GC invocations=110 (full 0):
 garbage-first heap   total 324608K, used 180149K [0x0000000080000000, 0x0000000100000000)
  region size 1024K, 5 young (5120K), 5 survivors (5120K)
 Metaspace       used 113690K, capacity 116860K, committed 117064K, reserved 1150976K
  class space    used 14393K, capacity 15593K, committed 15616K, reserved 1048576K
}
Event: 1031.177 GC heap before
{Heap before GC invocations=110 (full 0):
 garbage-first heap   total 324608K, used 245685K [0x0000000080000000, 0x0000000100000000)
  region size 1024K, 70 young (71680K), 5 survivors (5120K)
 Metaspace       used 117426K, capacity 120601K, committed 120904K, reserved 1155072K
  class space    used 14674K, capacity 15850K, committed 15872K, reserved 1048576K
}
Event: 1031.236 GC heap after
{Heap after GC invocations=111 (full 0):
 garbage-first heap   total 324608K, used 188478K [0x0000000080000000, 0x0000000100000000)
  region size 1024K, 9 young (9216K), 9 survivors (9216K)
 Metaspace       used 117426K, capacity 120601K, committed 120904K, reserved 1155072K
  class space    used 14674K, capacity 15850K, committed 15872K, reserved 1048576K
}
Event: 1031.959 GC heap before
{Heap before GC invocations=111 (full 0):
 garbage-first heap   total 324608K, used 254014K [0x0000000080000000, 0x0000000100000000)
  region size 1024K, 74 young (75776K), 9 survivors (9216K)
 Metaspace       used 118200K, capacity 121305K, committed 121544K, reserved 1155072K
  class space    used 14727K, capacity 15914K, committed 16000K, reserved 1048576K
}
Event: 1031.971 GC heap after
{Heap after GC invocations=112 (full 0):
 garbage-first heap   total 324608K, used 189863K [0x0000000080000000, 0x0000000100000000)
  region size 1024K, 6 young (6144K), 6 survivors (6144K)
 Metaspace       used 118200K, capacity 121305K, committed 121544K, reserved 1155072K
  class space    used 14727K, capacity 15914K, committed 16000K, reserved 1048576K
}
Event: 1039.333 GC heap before
{Heap before GC invocations=112 (full 0):
 garbage-first heap   total 324608K, used 257447K [0x0000000080000000, 0x0000000100000000)
  region size 1024K, 73 young (74752K), 6 survivors (6144K)
 Metaspace       used 119485K, capacity 122705K, committed 122952K, reserved 1157120K
  class space    used 14866K, capacity 16038K, committed 16128K, reserved 1048576K
}
Event: 1039.391 GC heap after
{Heap after GC invocations=113 (full 0):
 garbage-first heap   total 324608K, used 192261K [0x0000000080000000, 0x0000000100000000)
  region size 1024K, 5 young (5120K), 5 survivors (5120K)
 Metaspace       used 119485K, capacity 122705K, committed 122952K, reserved 1157120K
  class space    used 14866K, capacity 16038K, committed 16128K, reserved 1048576K
}
Event: 1044.007 GC heap before
{Heap before GC invocations=113 (full 0):
 garbage-first heap   total 324608K, used 260869K [0x0000000080000000, 0x0000000100000000)
  region size 1024K, 73 young (74752K), 5 survivors (5120K)
 Metaspace       used 120679K, capacity 124011K, committed 124104K, reserved 1157120K
  class space    used 15013K, capacity 16248K, committed 16256K, reserved 1048576K
}
Event: 1044.071 GC heap after
{Heap after GC invocations=114 (full 0):
 garbage-first heap   total 463872K, used 195448K [0x0000000080000000, 0x0000000100000000)
  region size 1024K, 8 young (8192K), 8 survivors (8192K)
 Metaspace       used 120679K, capacity 124011K, committed 124104K, reserved 1157120K
  class space    used 15013K, capacity 16248K, committed 16256K, reserved 1048576K
}
Event: 1047.956 GC heap before
{Heap before GC invocations=114 (full 0):
 garbage-first heap   total 463872K, used 330616K [0x0000000080000000, 0x0000000100000000)
  region size 1024K, 139 young (142336K), 8 survivors (8192K)
 Metaspace       used 124484K, capacity 127757K, committed 127944K, reserved 1161216K
  class space    used 15501K, capacity 16726K, committed 16768K, reserved 1048576K
}
Event: 1048.011 GC heap after
{Heap after GC invocations=115 (full 0):
 garbage-first heap   total 463872K, used 206500K [0x0000000080000000, 0x0000000100000000)
  region size 1024K, 18 young (18432K), 18 survivors (18432K)
 Metaspace       used 124484K, capacity 127757K, committed 127944K, reserved 1161216K
  class space    used 15501K, capacity 16726K, committed 16768K, reserved 1048576K
}
Event: 1050.854 GC heap before
{Heap before GC invocations=115 (full 0):
 garbage-first heap   total 463872K, used 353956K [0x0000000080000000, 0x0000000100000000)
  region size 1024K, 163 young (166912K), 18 survivors (18432K)
 Metaspace       used 132622K, capacity 136276K, committed 136520K, reserved 1167360K
  class space    used 16697K, capacity 18085K, committed 18176K, reserved 1048576K
}
Event: 1050.919 GC heap after
{Heap after GC invocations=116 (full 0):
 garbage-first heap   total 463872K, used 220160K [0x0000000080000000, 0x0000000100000000)
  region size 1024K, 21 young (21504K), 21 survivors (21504K)
 Metaspace       used 132622K, capacity 136276K, committed 136520K, reserved 1167360K
  class space    used 16697K, capacity 18085K, committed 18176K, reserved 1048576K
}
Event: 1052.584 GC heap before
{Heap before GC invocations=116 (full 0):
 garbage-first heap   total 463872K, used 367616K [0x0000000080000000, 0x0000000100000000)
  region size 1024K, 165 young (168960K), 21 survivors (21504K)
 Metaspace       used 133584K, capacity 137334K, committed 137544K, reserved 1169408K
  class space    used 16747K, capacity 18150K, committed 18176K, reserved 1048576K
}
Event: 1052.611 GC heap after
{Heap after GC invocations=117 (full 0):
 garbage-first heap   total 463872K, used 222870K [0x0000000080000000, 0x0000000100000000)
  region size 1024K, 4 young (4096K), 4 survivors (4096K)
 Metaspace       used 133584K, capacity 137334K, committed 137544K, reserved 1169408K
  class space    used 16747K, capacity 18150K, committed 18176K, reserved 1048576K
}
Event: 1054.623 GC heap before
{Heap before GC invocations=117 (full 0):
 garbage-first heap   total 463872K, used 374422K [0x0000000080000000, 0x0000000100000000)
  region size 1024K, 152 young (155648K), 4 survivors (4096K)
 Metaspace       used 134382K, capacity 138253K, committed 138440K, reserved 1169408K
  class space    used 16828K, capacity 18290K, committed 18304K, reserved 1048576K
}
Event: 1054.632 GC heap after
{Heap after GC invocations=118 (full 0):
 garbage-first heap   total 463872K, used 222947K [0x0000000080000000, 0x0000000100000000)
  region size 1024K, 4 young (4096K), 4 survivors (4096K)
 Metaspace       used 134382K, capacity 138253K, committed 138440K, reserved 1169408K
  class space    used 16828K, capacity 18290K, committed 18304K, reserved 1048576K
}

