# JRE version: OpenJDK Runtime Environment (11.0.12+7) (build 11.0.12+7-b1504.28-7817840)
# Java VM: OpenJDK 64-Bit Server VM (11.0.12+7-b1504.28-7817840, mixed mode, tiered, compressed oops, g1 gc, windows-amd64)
Heap:
 garbage-first heap   total 98304K, used 28630K [0x0000000080000000, 0x0000000100000000)
  region size 1024K, 8 young (8192K), 6 survivors (6144K)
 Metaspace       used 41554K, capacity 42480K, committed 42624K, reserved 1085440K
  class space    used 5365K, capacity 5706K, committed 5760K, reserved 1048576K
GC Heap History (14 events):
Event: 2.528 GC heap before
{Heap before GC invocations=0 (full 0):
 garbage-first heap   total 98304K, used 30720K [0x0000000080000000, 0x0000000100000000)
  region size 1024K, 24 young (24576K), 0 survivors (0K)
 Metaspace       used 10210K, capacity 10427K, committed 10624K, reserved 1058816K
  class space    used 1065K, capacity 1141K, committed 1152K, reserved 1048576K
}
Event: 2.542 GC heap after
{Heap after GC invocations=1 (full 0):
 garbage-first heap   total 98304K, used 9335K [0x0000000080000000, 0x0000000100000000)
  region size 1024K, 3 young (3072K), 3 survivors (3072K)
 Metaspace       used 10210K, capacity 10427K, committed 10624K, reserved 1058816K
  class space    used 1065K, capacity 1141K, committed 1152K, reserved 1048576K
}
Event: 5.329 GC heap before
{Heap before GC invocations=1 (full 0):
 garbage-first heap   total 98304K, used 64631K [0x0000000080000000, 0x0000000100000000)
  region size 1024K, 57 young (58368K), 3 survivors (3072K)
 Metaspace       used 13701K, capacity 14071K, committed 14208K, reserved 1062912K
  class space    used 1518K, capacity 1654K, committed 1664K, reserved 1048576K
}
Event: 5.341 GC heap after
{Heap after GC invocations=2 (full 0):
 garbage-first heap   total 98304K, used 14900K [0x0000000080000000, 0x0000000100000000)
  region size 1024K, 8 young (8192K), 8 survivors (8192K)
 Metaspace       used 13701K, capacity 14071K, committed 14208K, reserved 1062912K
  class space    used 1518K, capacity 1654K, committed 1664K, reserved 1048576K
}
Event: 14.728 GC heap before
{Heap before GC invocations=2 (full 0):
 garbage-first heap   total 98304K, used 56884K [0x0000000080000000, 0x0000000100000000)
  region size 1024K, 50 young (51200K), 8 survivors (8192K)
 Metaspace       used 20553K, capacity 21092K, committed 21248K, reserved 1067008K
  class space    used 2500K, capacity 2690K, committed 2816K, reserved 1048576K
}
Event: 14.745 GC heap after
{Heap after GC invocations=3 (full 0):
 garbage-first heap   total 98304K, used 16585K [0x0000000080000000, 0x0000000100000000)
  region size 1024K, 3 young (3072K), 3 survivors (3072K)
 Metaspace       used 20553K, capacity 21092K, committed 21248K, reserved 1067008K
  class space    used 2500K, capacity 2690K, committed 2816K, reserved 1048576K
}
Event: 16.907 GC heap before
{Heap before GC invocations=4 (full 0):
 garbage-first heap   total 98304K, used 62665K [0x0000000080000000, 0x0000000100000000)
  region size 1024K, 48 young (49152K), 3 survivors (3072K)
 Metaspace       used 25286K, capacity 25903K, committed 26112K, reserved 1071104K
  class space    used 3282K, capacity 3489K, committed 3584K, reserved 1048576K
}
Event: 16.915 GC heap after
{Heap after GC invocations=5 (full 0):
 garbage-first heap   total 98304K, used 18258K [0x0000000080000000, 0x0000000100000000)
  region size 1024K, 4 young (4096K), 4 survivors (4096K)
 Metaspace       used 25286K, capacity 25903K, committed 26112K, reserved 1071104K
  class space    used 3282K, capacity 3489K, committed 3584K, reserved 1048576K
}
Event: 18.522 GC heap before
{Heap before GC invocations=5 (full 0):
 garbage-first heap   total 98304K, used 66386K [0x0000000080000000, 0x0000000100000000)
  region size 1024K, 51 young (52224K), 4 survivors (4096K)
 Metaspace       used 30063K, capacity 30743K, committed 30976K, reserved 1075200K
  class space    used 4026K, capacity 4274K, committed 4352K, reserved 1048576K
}
Event: 18.534 GC heap after
{Heap after GC invocations=6 (full 0):
 garbage-first heap   total 98304K, used 19600K [0x0000000080000000, 0x0000000100000000)
  region size 1024K, 5 young (5120K), 5 survivors (5120K)
 Metaspace       used 30063K, capacity 30743K, committed 30976K, reserved 1075200K
  class space    used 4026K, capacity 4274K, committed 4352K, reserved 1048576K
}
Event: 19.450 GC heap before
{Heap before GC invocations=6 (full 0):
 garbage-first heap   total 98304K, used 34960K [0x0000000080000000, 0x0000000100000000)
  region size 1024K, 22 young (22528K), 5 survivors (5120K)
 Metaspace       used 35049K, capacity 35826K, committed 35840K, reserved 1081344K
  class space    used 4543K, capacity 4864K, committed 4864K, reserved 1048576K
}
Event: 19.464 GC heap after
{Heap after GC invocations=7 (full 0):
 garbage-first heap   total 98304K, used 22321K [0x0000000080000000, 0x0000000100000000)
  region size 1024K, 6 young (6144K), 6 survivors (6144K)
 Metaspace       used 35049K, capacity 35826K, committed 35840K, reserved 1081344K
  class space    used 4543K, capacity 4864K, committed 4864K, reserved 1048576K
}
Event: 20.839 GC heap before
{Heap before GC invocations=8 (full 0):
 garbage-first heap   total 98304K, used 65329K [0x0000000080000000, 0x0000000100000000)
  region size 1024K, 46 young (47104K), 6 survivors (6144K)
 Metaspace       used 38459K, capacity 39318K, committed 39552K, reserved 1083392K
  class space    used 4903K, capacity 5212K, committed 5248K, reserved 1048576K
}
Event: 20.851 GC heap after
{Heap after GC invocations=9 (full 0):
 garbage-first heap   total 98304K, used 26067K [0x0000000080000000, 0x0000000100000000)
  region size 1024K, 6 young (6144K), 6 survivors (6144K)
 Metaspace       used 38459K, capacity 39318K, committed 39552K, reserved 1083392K
  class space    used 4903K, capacity 5212K, committed 5248K, reserved 1048576K
}

